<?xml version="1.0" encoding="UTF-8"?>
<!-- Generated by org.testng.reporters.JUnitReportReporter -->
<testsuite hostname="Serveshs-MacBook-Air.local" failures="0" tests="3" name="assured.DynamicJson" time="4.184" errors="0" timestamp="2024-05-16T22:30:18 IST" skipped="0">
  <testcase classname="assured.DynamicJson" name="addbook" time="0.219"/>
  <testcase classname="assured.DynamicJson" name="addbook" time="3.791"/>
  <testcase classname="assured.DynamicJson" name="addbook" time="0.174"/>
</testsuite> <!-- assured.DynamicJson -->
