<?xml version="1.0" encoding="UTF-8"?>
<!-- Generated by org.testng.reporters.JUnitReportReporter -->
<testsuite hostname="Serveshs-MacBook-Air.local" failures="0" tests="1" name="assured.SumValidation" time="1.761" errors="0" timestamp="2024-05-16T12:53:51 IST" skipped="0">
  <testcase classname="assured.SumValidation" name="Sumofcourses" time="1.761"/>
</testsuite> <!-- assured.SumValidation -->
